<?xml version="1.0" encoding="utf-8"?><testsuites name="pytest tests"><testsuite name="pytest" errors="0" failures="0" skipped="5" tests="13" time="3.192" timestamp="2026-07-27T10:54:56.728770+00:00" hostname="agent-env-dc8cf540-54d9-4066-817a-146963d6d4c5"><testcase classname="backend.tests.test_callsign_validation" name="test_register_invalid_amateur_callsign_rejected[F12FDR]" time="0.214" /><testcase classname="backend.tests.test_callsign_validation" name="test_register_invalid_amateur_callsign_rejected[ABC123]" time="0.097" /><testcase classname="backend.tests.test_callsign_validation" name="test_register_invalid_amateur_callsign_rejected[12345]" time="0.098" /><testcase classname="backend.tests.test_callsign_validation" name="test_register_valid_amateur_callsigns_accepted[F4ABC]" time="0.099"><skipped type="pytest.skip" message="Callsign F4ABC already exists from previous run">/app/backend/tests/test_callsign_validation.py:49: Callsign F4ABC already exists from previous run</skipped></testcase><testcase classname="backend.tests.test_callsign_validation" name="test_register_valid_amateur_callsigns_accepted[W1AX]" time="0.105"><skipped type="pytest.skip" message="Callsign W1AX already exists from previous run">/app/backend/tests/test_callsign_validation.py:49: Callsign W1AX already exists from previous run</skipped></testcase><testcase classname="backend.tests.test_callsign_validation" name="test_register_valid_amateur_callsigns_accepted[9A1CCC]" time="0.114"><skipped type="pytest.skip" message="Callsign 9A1CCC already exists from previous run">/app/backend/tests/test_callsign_validation.py:49: Callsign 9A1CCC already exists from previous run</skipped></testcase><testcase classname="backend.tests.test_callsign_validation" name="test_register_valid_amateur_callsigns_accepted[VE3ABC]" time="0.198"><skipped type="pytest.skip" message="Callsign VE3ABC already exists from previous run">/app/backend/tests/test_callsign_validation.py:49: Callsign VE3ABC already exists from previous run</skipped></testcase><testcase classname="backend.tests.test_callsign_validation" name="test_register_valid_amateur_callsigns_accepted[DL1ZZ]" time="0.117"><skipped type="pytest.skip" message="Callsign DL1ZZ already exists from previous run">/app/backend/tests/test_callsign_validation.py:49: Callsign DL1ZZ already exists from previous run</skipped></testcase><testcase classname="backend.tests.test_callsign_validation" name="test_register_fresh_valid_amateur_callsign" time="0.331" /><testcase classname="backend.tests.test_callsign_validation" name="test_register_cibiste_any_format_accepted" time="0.324" /><testcase classname="backend.tests.test_callsign_validation" name="test_register_swl_auto_generation" time="0.325" /><testcase classname="backend.tests.test_callsign_validation" name="test_update_callsigns_invalid_amateur_rejected" time="0.766" /><testcase classname="backend.tests.test_callsign_validation" name="test_admin_login_still_works" time="0.327" /></testsuite></testsuites>