<?xml version="1.0" encoding="utf-8"?><testsuites name="pytest tests"><testsuite name="pytest" errors="0" failures="1" skipped="0" tests="14" time="2.451" timestamp="2026-08-05T06:29:31.061700+00:00" hostname="agent-env-dc8cf540-54d9-4066-817a-146963d6d4c5"><testcase classname="backend.tests.test_review_iter17" name="test_root" time="0.280" /><testcase classname="backend.tests.test_review_iter17" name="test_login_ok" time="0.392" /><testcase classname="backend.tests.test_review_iter17" name="test_auth_me" time="0.133" /><testcase classname="backend.tests.test_review_iter17" name="test_register_new_user" time="0.132"><failure message="AssertionError: 400: {&quot;detail&quot;:&quot;Format d'indicatif radioamateur invalide. Format attendu : 1-2 lettres + 1 chiffre + 1-4 lettres (ex: F4MVD, VE3XYZ, 9A1A)&quot;}&#10;assert 400 in (200, 201)&#10; +  where 400 = &lt;Response [400]&gt;.status_code">backend/tests/test_review_iter17.py:52: in test_register_new_user
    assert r.status_code in (200, 201), f"{r.status_code}: {r.text}"
E   AssertionError: 400: {"detail":"Format d'indicatif radioamateur invalide. Format attendu : 1-2 lettres + 1 chiffre + 1-4 lettres (ex: F4MVD, VE3XYZ, 9A1A)"}
E   assert 400 in (200, 201)
E    +  where 400 = &lt;Response [400]&gt;.status_code</failure></testcase><testcase classname="backend.tests.test_review_iter17" name="test_qso_list_by_logbook[radioamateur]" time="0.141" /><testcase classname="backend.tests.test_review_iter17" name="test_qso_list_by_logbook[cb]" time="0.132" /><testcase classname="backend.tests.test_review_iter17" name="test_qso_list_by_logbook[swl]" time="0.129" /><testcase classname="backend.tests.test_review_iter17" name="test_qso_grouped" time="0.180" /><testcase classname="backend.tests.test_review_iter17" name="test_qso_stats" time="0.137" /><testcase classname="backend.tests.test_review_iter17" name="test_admin_stats" time="0.173" /><testcase classname="backend.tests.test_review_iter17" name="test_admin_users" time="0.123" /><testcase classname="backend.tests.test_review_iter17" name="test_wavelog_config" time="0.134" /><testcase classname="backend.tests.test_review_iter17" name="test_unauthenticated_qso_rejected" time="0.128" /><testcase classname="backend.tests.test_review_iter17" name="test_export_adif" time="0.142" /></testsuite></testsuites>