<?xml version="1.0" encoding="utf-8"?><testsuites name="pytest tests"><testsuite name="pytest" errors="0" failures="9" skipped="1" tests="86" time="37.215" timestamp="2026-09-04T06:22:25.123255+00:00" hostname="agent-env-dc8cf540-54d9-4066-817a-146963d6d4c5"><testcase classname="tests.test_auth_no_cookies.TestAuthNoCookies" name="test_login_returns_access_token_no_cookies" time="1.489" /><testcase classname="tests.test_auth_no_cookies.TestAuthNoCookies" name="test_register_no_cookies" time="0.122"><failure message="AssertionError: {&quot;detail&quot;:&quot;Format d'indicatif radioamateur invalide. Format attendu : 1-2 lettres + 1 chiffre + 1-4 lettres (ex: F4MVD, VE3XYZ, 9A1A)&quot;}&#10;assert 400 in (200, 201)&#10; +  where 400 = &lt;Response [400]&gt;.status_code">E   AssertionError: {"detail":"Format d'indicatif radioamateur invalide. Format attendu : 1-2 lettres + 1 chiffre + 1-4 lettres (ex: F4MVD, VE3XYZ, 9A1A)"}
    assert 400 in (200, 201)
     +  where 400 = &lt;Response [400]&gt;.status_code</failure></testcase><testcase classname="tests.test_auth_no_cookies.TestAuthNoCookies" name="test_me_with_bearer_token" time="0.441" /><testcase classname="tests.test_auth_no_cookies.TestAuthNoCookies" name="test_me_without_token_unauthorized" time="0.102" /><testcase classname="tests.test_auth_no_cookies.TestAuthNoCookies" name="test_logout_no_cookies" time="0.456" /><testcase classname="tests.test_auth_no_cookies.TestAuthNoCookies" name="test_refresh_uses_bearer" time="0.469"><skipped type="pytest.skip" message="No refresh endpoint">/app/backend/tests/test_auth_no_cookies.py:72: No refresh endpoint</skipped></testcase><testcase classname="tests.test_auth_no_cookies.TestAuthNoCookies" name="test_cors_preflight_wildcard_no_credentials" time="0.067" /><testcase classname="tests.test_callsign_validation" name="test_register_invalid_amateur_callsign_rejected[F12FDR]" time="0.145" /><testcase classname="tests.test_callsign_validation" name="test_register_invalid_amateur_callsign_rejected[ABC123]" time="0.121" /><testcase classname="tests.test_callsign_validation" name="test_register_invalid_amateur_callsign_rejected[12345]" time="0.112" /><testcase classname="tests.test_callsign_validation" name="test_register_valid_amateur_callsigns_accepted[F4ABC]" time="0.119"><failure message="AssertionError: Expected 200 for F4ABC got 400: {&quot;detail&quot;:&quot;Cet indicatif est deja utilise&quot;}&#10;assert 400 == 200&#10; +  where 400 = &lt;Response [400]&gt;.status_code">E   AssertionError: Expected 200 for F4ABC got 400: {"detail":"Cet indicatif est deja utilise"}
    assert 400 == 200
     +  where 400 = &lt;Response [400]&gt;.status_code</failure></testcase><testcase classname="tests.test_callsign_validation" name="test_register_valid_amateur_callsigns_accepted[W1AX]" time="0.109"><failure message="AssertionError: Expected 200 for W1AX got 400: {&quot;detail&quot;:&quot;Cet indicatif est deja utilise&quot;}&#10;assert 400 == 200&#10; +  where 400 = &lt;Response [400]&gt;.status_code">E   AssertionError: Expected 200 for W1AX got 400: {"detail":"Cet indicatif est deja utilise"}
    assert 400 == 200
     +  where 400 = &lt;Response [400]&gt;.status_code</failure></testcase><testcase classname="tests.test_callsign_validation" name="test_register_valid_amateur_callsigns_accepted[9A1CCC]" time="0.117"><failure message="AssertionError: Expected 200 for 9A1CCC got 400: {&quot;detail&quot;:&quot;Cet indicatif est deja utilise&quot;}&#10;assert 400 == 200&#10; +  where 400 = &lt;Response [400]&gt;.status_code">E   AssertionError: Expected 200 for 9A1CCC got 400: {"detail":"Cet indicatif est deja utilise"}
    assert 400 == 200
     +  where 400 = &lt;Response [400]&gt;.status_code</failure></testcase><testcase classname="tests.test_callsign_validation" name="test_register_valid_amateur_callsigns_accepted[VE3ABC]" time="0.120"><failure message="AssertionError: Expected 200 for VE3ABC got 400: {&quot;detail&quot;:&quot;Cet indicatif est deja utilise&quot;}&#10;assert 400 == 200&#10; +  where 400 = &lt;Response [400]&gt;.status_code">E   AssertionError: Expected 200 for VE3ABC got 400: {"detail":"Cet indicatif est deja utilise"}
    assert 400 == 200
     +  where 400 = &lt;Response [400]&gt;.status_code</failure></testcase><testcase classname="tests.test_callsign_validation" name="test_register_valid_amateur_callsigns_accepted[DL1ZZ]" time="0.121"><failure message="AssertionError: Expected 200 for DL1ZZ got 400: {&quot;detail&quot;:&quot;Cet indicatif est deja utilise&quot;}&#10;assert 400 == 200&#10; +  where 400 = &lt;Response [400]&gt;.status_code">E   AssertionError: Expected 200 for DL1ZZ got 400: {"detail":"Cet indicatif est deja utilise"}
    assert 400 == 200
     +  where 400 = &lt;Response [400]&gt;.status_code</failure></testcase><testcase classname="tests.test_callsign_validation" name="test_register_fresh_valid_amateur_callsign" time="0.322" /><testcase classname="tests.test_callsign_validation" name="test_register_cibiste_any_format_accepted" time="0.338" /><testcase classname="tests.test_callsign_validation" name="test_register_swl_auto_generation" time="15.381" /><testcase classname="tests.test_callsign_validation" name="test_update_callsigns_invalid_amateur_rejected" time="0.859" /><testcase classname="tests.test_callsign_validation" name="test_admin_login_still_works" time="0.347" /><testcase classname="tests.test_clear_logbook.TestClearLogbook" name="test_clear_swl_returns_deleted_count" time="0.655" /><testcase classname="tests.test_clear_logbook.TestClearLogbook" name="test_clear_radioamateur" time="0.178" /><testcase classname="tests.test_clear_logbook.TestClearLogbook" name="test_clear_does_not_touch_other_logbooks" time="0.306" /><testcase classname="tests.test_clear_logbook.TestClearLogbook" name="test_clear_empty_logbook_returns_zero" time="0.060" /><testcase classname="tests.test_clear_logbook.TestClearLogbook" name="test_clear_invalid_logbook_returns_400" time="0.058" /><testcase classname="tests.test_clear_logbook.TestClearLogbook" name="test_clear_requires_auth" time="0.060" /><testcase classname="tests.test_clear_logbook.TestAdminDataIntact" name="test_admin_login_and_data" time="0.413" /><testcase classname="tests.test_logbook_filter" name="test_stats_radioamateur_nonzero" time="0.418" /><testcase classname="tests.test_logbook_filter" name="test_stats_cb_zero" time="0.068" /><testcase classname="tests.test_logbook_filter" name="test_stats_swl_zero" time="0.069" /><testcase classname="tests.test_logbook_filter" name="test_grouped_radioamateur_nonempty" time="0.069" /><testcase classname="tests.test_logbook_filter" name="test_grouped_cb_empty" time="0.067"><failure message="AssertionError: expected empty CB, got [{'callsign': '14ABC564', 'name': 'Test CB', 'first_contact': '2025-06-15', 'last_contact': '2025-06-15', 'total_contacts': 1}]&#10;assert (True and 1 == 0)&#10; +  where True = isinstance([{'callsign': '14ABC564', 'first_contact': '2025-06-15', 'last_contact': '2025-06-15', 'name': 'Test CB', ...}], list)&#10; +  and   1 = len([{'callsign': '14ABC564', 'first_contact': '2025-06-15', 'last_contact': '2025-06-15', 'name': 'Test CB', ...}])">E   AssertionError: expected empty CB, got [{'callsign': '14ABC564', 'name': 'Test CB', 'first_contact': '2025-06-15', 'last_contact': '2025-06-15', 'total_contacts': 1}]
    assert (True and 1 == 0)
     +  where True = isinstance([{'callsign': '14ABC564', 'first_contact': '2025-06-15', 'last_contact': '2025-06-15', 'name': 'Test CB', ...}], list)
     +  and   1 = len([{'callsign': '14ABC564', 'first_contact': '2025-06-15', 'last_contact': '2025-06-15', 'name': 'Test CB', ...}])</failure></testcase><testcase classname="tests.test_logbook_filter" name="test_grouped_swl_empty" time="0.067" /><testcase classname="tests.test_logbook_filter" name="test_qsos_radioamateur_nonempty" time="0.067" /><testcase classname="tests.test_logbook_filter" name="test_qsos_cb_empty" time="0.069"><failure message="AssertionError: assert (True and 1 == 0)&#10; +  where True = isinstance([{'callsign': '14ABC564', 'comment': '', 'created_at': '2026-09-04T06:22:11.623660+00:00', 'date': '2025-06-15', ...}], list)&#10; +  and   1 = len([{'callsign': '14ABC564', 'comment': '', 'created_at': '2026-09-04T06:22:11.623660+00:00', 'date': '2025-06-15', ...}])">E   AssertionError: assert (True and 1 == 0)
     +  where True = isinstance([{'callsign': '14ABC564', 'comment': '', 'created_at': '2026-09-04T06:22:11.623660+00:00', 'date': '2025-06-15', ...}], list)
     +  and   1 = len([{'callsign': '14ABC564', 'comment': '', 'created_at': '2026-09-04T06:22:11.623660+00:00', 'date': '2025-06-15', ...}])</failure></testcase><testcase classname="tests.test_logbook_migration" name="test_cb_logbook_has_migrated_qso" time="0.418" /><testcase classname="tests.test_logbook_migration" name="test_radioamateur_logbook_count" time="0.061" /><testcase classname="tests.test_logbook_migration" name="test_cb_qso_list_contains_14abc564" time="0.067" /><testcase classname="tests.test_logbook_migration" name="test_ham_qso_list_excludes_14abc564" time="0.060" /><testcase classname="tests.test_logbooks.TestRegistration" name="test_register_radioamateur" time="0.327" /><testcase classname="tests.test_logbooks.TestRegistration" name="test_register_cibiste" time="0.325" /><testcase classname="tests.test_logbooks.TestRegistration" name="test_register_swl_no_callsign" time="0.349" /><testcase classname="tests.test_logbooks.TestRegistration" name="test_register_swl_with_callsign" time="0.370" /><testcase classname="tests.test_logbooks.TestRegistration" name="test_register_invalid_user_type" time="0.107" /><testcase classname="tests.test_logbooks.TestRegistration" name="test_register_ham_requires_callsign" time="0.145" /><testcase classname="tests.test_logbooks.TestLoginResponse" name="test_login_returns_user_type_and_callsigns" time="0.355" /><testcase classname="tests.test_logbooks.TestLogbookFilter" name="test_create_qso_in_each_logbook" time="0.709" /><testcase classname="tests.test_logbooks.TestLogbookFilter" name="test_qso_grouped_filtered_by_logbook" time="0.370" /><testcase classname="tests.test_logbooks.TestLogbookFilter" name="test_qso_stats_filtered_by_logbook" time="0.316" /><testcase classname="tests.test_logbooks.TestLogbookFilter" name="test_qso_list_filtered_by_logbook" time="0.112" /><testcase classname="tests.test_logbooks.TestLogbookFilter" name="test_invalid_logbook_defaults_to_radioamateur" time="0.096" /><testcase classname="tests.test_logbooks.TestCallsignsUpdate" name="test_update_callsigns" time="0.595" /><testcase classname="tests.test_logbooks.TestCallsignsUpdate" name="test_update_callsigns_duplicate_rejected" time="0.837" /><testcase classname="tests.test_password_reset" name="test_forgot_password_by_email_returns_fallback" time="0.342" /><testcase classname="tests.test_password_reset" name="test_forgot_password_by_callsign" time="0.209" /><testcase classname="tests.test_password_reset" name="test_forgot_password_nonexistent_user_generic_message" time="0.065" /><testcase classname="tests.test_password_reset" name="test_reset_password_flow_and_restore" time="1.660" /><testcase classname="tests.test_password_reset" name="test_reset_password_invalid_token" time="0.067" /><testcase classname="tests.test_password_reset" name="test_login_dashboard_endpoints" time="0.772" /><testcase classname="tests.test_pwa_wavelog" name="test_manifest_accessible" time="0.099" /><testcase classname="tests.test_pwa_wavelog" name="test_sw_accessible" time="0.095" /><testcase classname="tests.test_pwa_wavelog" name="test_wavelog_import_requires_auth" time="0.096" /><testcase classname="tests.test_pwa_wavelog" name="test_wavelog_import_400_when_not_configured" time="0.510"><failure message="assert 502 == 400&#10; +  where 502 = &lt;Response [502]&gt;.status_code">E   assert 502 == 400
     +  where 502 = &lt;Response [502]&gt;.status_code</failure></testcase><testcase classname="tests.test_pwa_wavelog" name="test_admin_login_persist" time="0.108" /><testcase classname="tests.test_requirements_cleanup" name="test_requirements_no_unwanted_packages" time="0.000" /><testcase classname="tests.test_requirements_cleanup" name="test_requirements_has_essentials" time="0.000" /><testcase classname="tests.test_requirements_cleanup" name="test_login_returns_token" time="0.342" /><testcase classname="tests.test_requirements_cleanup" name="test_auth_me" time="0.435" /><testcase classname="tests.test_requirements_cleanup" name="test_qso_grouped" time="0.101" /><testcase classname="tests.test_requirements_cleanup" name="test_forgot_password_returns_reset_link" time="0.259" /><testcase classname="tests.test_requirements_cleanup" name="test_wavelog_import_imports_work" time="0.140" /><testcase classname="tests.test_requirements_cleanup" name="test_admin_stats" time="0.120" /><testcase classname="tests.test_review_iter17" name="test_root" time="0.110" /><testcase classname="tests.test_review_iter17" name="test_login_ok" time="0.345" /><testcase classname="tests.test_review_iter17" name="test_auth_me" time="0.118" /><testcase classname="tests.test_review_iter17" name="test_register_new_user" time="0.326" /><testcase classname="tests.test_review_iter17" name="test_qso_list_by_logbook[radioamateur]" time="0.130" /><testcase classname="tests.test_review_iter17" name="test_qso_list_by_logbook[cb]" time="0.105" /><testcase classname="tests.test_review_iter17" name="test_qso_list_by_logbook[swl]" time="0.125" /><testcase classname="tests.test_review_iter17" name="test_qso_grouped" time="0.128" /><testcase classname="tests.test_review_iter17" name="test_qso_stats" time="0.104" /><testcase classname="tests.test_review_iter17" name="test_admin_stats" time="0.143" /><testcase classname="tests.test_review_iter17" name="test_admin_users" time="0.144" /><testcase classname="tests.test_review_iter17" name="test_wavelog_config" time="0.102" /><testcase classname="tests.test_review_iter17" name="test_unauthenticated_qso_rejected" time="0.099" /><testcase classname="tests.test_review_iter17" name="test_export_adif" time="0.106" /></testsuite></testsuites>