<?xml version="1.0" encoding="utf-8"?><testsuites name="pytest tests"><testsuite name="pytest" errors="0" failures="0" skipped="0" tests="8" time="0.777" timestamp="2026-07-27T11:08:23.622168+00:00" hostname="agent-env-dc8cf540-54d9-4066-817a-146963d6d4c5"><testcase classname="backend.tests.test_logbook_filter" name="test_stats_radioamateur_nonzero" time="0.399" /><testcase classname="backend.tests.test_logbook_filter" name="test_stats_cb_zero" time="0.040" /><testcase classname="backend.tests.test_logbook_filter" name="test_stats_swl_zero" time="0.041" /><testcase classname="backend.tests.test_logbook_filter" name="test_grouped_radioamateur_nonempty" time="0.046" /><testcase classname="backend.tests.test_logbook_filter" name="test_grouped_cb_empty" time="0.046" /><testcase classname="backend.tests.test_logbook_filter" name="test_grouped_swl_empty" time="0.043" /><testcase classname="backend.tests.test_logbook_filter" name="test_qsos_radioamateur_nonempty" time="0.044" /><testcase classname="backend.tests.test_logbook_filter" name="test_qsos_cb_empty" time="0.043" /></testsuite></testsuites>