<?xml version="1.0" encoding="utf-8"?><testsuites name="pytest tests"><testsuite name="pytest" errors="0" failures="0" skipped="0" tests="4" time="0.805" timestamp="2026-08-05T05:54:58.800157+00:00" hostname="agent-env-dc8cf540-54d9-4066-817a-146963d6d4c5"><testcase classname="backend.tests.test_logbook_migration" name="test_cb_logbook_has_migrated_qso" time="0.584" /><testcase classname="backend.tests.test_logbook_migration" name="test_radioamateur_logbook_count" time="0.052" /><testcase classname="backend.tests.test_logbook_migration" name="test_cb_qso_list_contains_14abc564" time="0.054" /><testcase classname="backend.tests.test_logbook_migration" name="test_ham_qso_list_excludes_14abc564" time="0.054" /></testsuite></testsuites>