<?xml version="1.0" encoding="utf-8"?><testsuites name="pytest tests"><testsuite name="pytest" errors="0" failures="0" skipped="0" tests="8" time="1.604" timestamp="2026-07-22T12:52:33.574661+00:00" hostname="agent-env-dc8cf540-54d9-4066-817a-146963d6d4c5"><testcase classname="backend.tests.test_requirements_cleanup" name="test_requirements_no_unwanted_packages" time="0.000" /><testcase classname="backend.tests.test_requirements_cleanup" name="test_requirements_has_essentials" time="0.000" /><testcase classname="backend.tests.test_requirements_cleanup" name="test_login_returns_token" time="0.374" /><testcase classname="backend.tests.test_requirements_cleanup" name="test_auth_me" time="0.473" /><testcase classname="backend.tests.test_requirements_cleanup" name="test_qso_grouped" time="0.108" /><testcase classname="backend.tests.test_requirements_cleanup" name="test_forgot_password_returns_reset_link" time="0.300" /><testcase classname="backend.tests.test_requirements_cleanup" name="test_wavelog_import_imports_work" time="0.171" /><testcase classname="backend.tests.test_requirements_cleanup" name="test_admin_stats" time="0.108" /></testsuite></testsuites>