<?xml version="1.0" encoding="utf-8"?><testsuites name="pytest tests"><testsuite name="pytest" errors="0" failures="0" skipped="0" tests="5" time="1.148" timestamp="2026-07-22T06:24:30.144224+00:00" hostname="agent-env-dc8cf540-54d9-4066-817a-146963d6d4c5"><testcase classname="backend.tests.test_pwa_wavelog" name="test_manifest_accessible" time="0.114" /><testcase classname="backend.tests.test_pwa_wavelog" name="test_sw_accessible" time="0.136" /><testcase classname="backend.tests.test_pwa_wavelog" name="test_wavelog_import_requires_auth" time="0.143" /><testcase classname="backend.tests.test_pwa_wavelog" name="test_wavelog_import_400_when_not_configured" time="0.431" /><testcase classname="backend.tests.test_pwa_wavelog" name="test_admin_login_persist" time="0.096" /></testsuite></testsuites>