<?xml version="1.0" encoding="utf-8"?><testsuites name="pytest tests"><testsuite name="pytest" errors="0" failures="0" skipped="0" tests="14" time="5.219" timestamp="2026-07-26T23:29:14.548912+00:00" hostname="agent-env-dc8cf540-54d9-4066-817a-146963d6d4c5"><testcase classname="backend.tests.test_logbooks.TestRegistration" name="test_register_radioamateur" time="0.543" /><testcase classname="backend.tests.test_logbooks.TestRegistration" name="test_register_cibiste" time="0.361" /><testcase classname="backend.tests.test_logbooks.TestRegistration" name="test_register_swl_no_callsign" time="0.339" /><testcase classname="backend.tests.test_logbooks.TestRegistration" name="test_register_swl_with_callsign" time="0.365" /><testcase classname="backend.tests.test_logbooks.TestRegistration" name="test_register_invalid_user_type" time="0.134" /><testcase classname="backend.tests.test_logbooks.TestRegistration" name="test_register_ham_requires_callsign" time="0.139" /><testcase classname="backend.tests.test_logbooks.TestLoginResponse" name="test_login_returns_user_type_and_callsigns" time="0.326" /><testcase classname="backend.tests.test_logbooks.TestLogbookFilter" name="test_create_qso_in_each_logbook" time="0.712" /><testcase classname="backend.tests.test_logbooks.TestLogbookFilter" name="test_qso_grouped_filtered_by_logbook" time="0.301" /><testcase classname="backend.tests.test_logbooks.TestLogbookFilter" name="test_qso_stats_filtered_by_logbook" time="0.322" /><testcase classname="backend.tests.test_logbooks.TestLogbookFilter" name="test_qso_list_filtered_by_logbook" time="0.116" /><testcase classname="backend.tests.test_logbooks.TestLogbookFilter" name="test_invalid_logbook_defaults_to_radioamateur" time="0.175" /><testcase classname="backend.tests.test_logbooks.TestCallsignsUpdate" name="test_update_callsigns" time="0.529" /><testcase classname="backend.tests.test_logbooks.TestCallsignsUpdate" name="test_update_callsigns_duplicate_rejected" time="0.780" /></testsuite></testsuites>